<?xml version="1.0" encoding="UTF-8"?>
<!-- Generated by org.testng.reporters.JUnitXMLReporter -->
<testsuite hostname="Aaas-MacBook-Pro.local" ignored="0" name="GorestInterRelatedApiTest" tests="17" failures="0" timestamp="2022-04-20T02:15:20 IST" time="21.072" errors="0">
  <testcase name="postCreateNewUser" time="4.475" classname="com.liseinfotech.gorestApiTest.GorestApiTest"/>
  <testcase name="getUserDetails" time="1.263" classname="com.liseinfotech.gorestApiTest.GorestApiTest"/>
  <testcase name="updateUserDetails" time="1.608" classname="com.liseinfotech.gorestApiTest.GorestApiTest"/>
  <testcase name="deleteUser" time="0.899" classname="com.liseinfotech.gorestApiTest.GorestApiTest"/>
  <testcase name="invalidPostRequest" time="0.806" classname="com.liseinfotech.gorestApiTest.GorestApiTest"/>
  <testcase name="CreateNewUserUsingPosts" time="0.802" classname="com.liseinfotech.gorestApiTest.GorestApiTest"/>
  <testcase name="getUserUsingPosts" time="1.214" classname="com.liseinfotech.gorestApiTest.GorestApiTest"/>
  <testcase name="updateUserUsingPosts" time="1.247" classname="com.liseinfotech.gorestApiTest.GorestApiTest"/>
  <testcase name="deleteUserPosts" time="0.796" classname="com.liseinfotech.gorestApiTest.GorestApiTest"/>
  <testcase name="CreateNewUserUsingComments" time="0.792" classname="com.liseinfotech.gorestApiTest.GorestApiTest"/>
  <testcase name="getUserUsingComments" time="1.221" classname="com.liseinfotech.gorestApiTest.GorestApiTest"/>
  <testcase name="updateCommentsUser" time="1.194" classname="com.liseinfotech.gorestApiTest.GorestApiTest"/>
  <testcase name="deleteCommentsUser" time="0.829" classname="com.liseinfotech.gorestApiTest.GorestApiTest"/>
  <testcase name="todosNewUserCreate" time="0.785" classname="com.liseinfotech.gorestApiTest.GorestApiTest"/>
  <testcase name="todosGetUserById" time="1.105" classname="com.liseinfotech.gorestApiTest.GorestApiTest"/>
  <testcase name="updateTodosUser" time="1.215" classname="com.liseinfotech.gorestApiTest.GorestApiTest"/>
  <testcase name="todosDeleteUserById" time="0.758" classname="com.liseinfotech.gorestApiTest.GorestApiTest"/>
</testsuite> <!-- GorestInterRelatedApiTest -->
