<?xml version="1.0" encoding="UTF-8"?>
<!-- Generated by org.testng.reporters.JUnitXMLReporter -->
<testsuite hostname="Aaas-MacBook-Pro.local" ignored="0" name="GorestInterRelatedApiTest" tests="17" failures="0" timestamp="2022-04-23T00:35:40 IST" time="20.617" errors="0">
  <testcase name="createUserThroughPost" time="3.817" classname="com.liseinfotech.gorestApiTest.GorestApiTest"/>
  <testcase name="getUserByUserId" time="1.367" classname="com.liseinfotech.gorestApiTest.GorestApiTest"/>
  <testcase name="updateUserByUserId" time="1.495" classname="com.liseinfotech.gorestApiTest.GorestApiTest"/>
  <testcase name="deleteUserByUserId" time="0.916" classname="com.liseinfotech.gorestApiTest.GorestApiTest"/>
  <testcase name="invalidRequestThroughUsers" time="0.877" classname="com.liseinfotech.gorestApiTest.GorestApiTest"/>
  <testcase name="postsNewUser" time="0.788" classname="com.liseinfotech.gorestApiTest.GorestApiTest"/>
  <testcase name="getPostsById" time="1.297" classname="com.liseinfotech.gorestApiTest.GorestApiTest"/>
  <testcase name="updatePostsById" time="1.245" classname="com.liseinfotech.gorestApiTest.GorestApiTest"/>
  <testcase name="deletePostsById" time="0.917" classname="com.liseinfotech.gorestApiTest.GorestApiTest"/>
  <testcase name="commentsOnNewUser" time="0.789" classname="com.liseinfotech.gorestApiTest.GorestApiTest"/>
  <testcase name="getCommentsByUserId" time="1.186" classname="com.liseinfotech.gorestApiTest.GorestApiTest"/>
  <testcase name="updateCommentsByUserId" time="1.147" classname="com.liseinfotech.gorestApiTest.GorestApiTest"/>
  <testcase name="deleteCommentsByUserId" time="0.782" classname="com.liseinfotech.gorestApiTest.GorestApiTest"/>
  <testcase name="todosNewUser" time="0.75" classname="com.liseinfotech.gorestApiTest.GorestApiTest"/>
  <testcase name="getTodosUserById" time="1.218" classname="com.liseinfotech.gorestApiTest.GorestApiTest"/>
  <testcase name="updateTodosUserById" time="1.211" classname="com.liseinfotech.gorestApiTest.GorestApiTest"/>
  <testcase name="deleteTodosUserById" time="0.738" classname="com.liseinfotech.gorestApiTest.GorestApiTest"/>
</testsuite> <!-- GorestInterRelatedApiTest -->
