<?xml version="1.0" encoding="UTF-8"?>
<!-- Generated by org.testng.reporters.JUnitXMLReporter -->
<testsuite hostname="Aaas-MacBook-Pro.local" ignored="1" name="Command line test" tests="17" failures="17" timestamp="2022-04-23T17:24:05 IST" time="46.646" errors="0">
  <testcase name="createUserThroughPost" time="3.395" classname="com.liseinfotech.gorestApiTest.GorestApiTest">
    <failure type="java.lang.AssertionError" message="
Expected: is &amp;lt;204&amp;gt;
     but: was &amp;lt;404&amp;gt;">
      <![CDATA[java.lang.AssertionError: 
Expected: is <204>
     but: was <404>
at org.hamcrest.MatcherAssert.assertThat(MatcherAssert.java:18)
at org.hamcrest.MatcherAssert.assertThat(MatcherAssert.java:6)
at com.liseinfotech.gorestApiTest.GorestApiTest.deleteUser(GorestApiTest.java:827)
at com.liseinfotech.gorestApiTest.GorestApiTest.createUserThroughPost(GorestApiTest.java:47)
at java.util.ArrayList.forEach(ArrayList.java:1257)
... Removed 37 stack frames]]>
    </failure>
  </testcase> <!-- createUserThroughPost -->
  <testcase name="getUserByUserId" time="10.798" classname="com.liseinfotech.gorestApiTest.GorestApiTest">
    <failure type="java.lang.AssertionError" message="
Expected: is &amp;lt;204&amp;gt;
     but: was &amp;lt;404&amp;gt;">
      <![CDATA[java.lang.AssertionError: 
Expected: is <204>
     but: was <404>
at org.hamcrest.MatcherAssert.assertThat(MatcherAssert.java:18)
at org.hamcrest.MatcherAssert.assertThat(MatcherAssert.java:6)
at com.liseinfotech.gorestApiTest.GorestApiTest.deleteUser(GorestApiTest.java:827)
at com.liseinfotech.gorestApiTest.GorestApiTest.getUserByUserId(GorestApiTest.java:83)
at java.util.ArrayList.forEach(ArrayList.java:1257)
... Removed 37 stack frames]]>
    </failure>
  </testcase> <!-- getUserByUserId -->
  <testcase name="updateUserByUserId" time="1.514" classname="com.liseinfotech.gorestApiTest.GorestApiTest">
    <failure type="java.lang.AssertionError" message="
Expected: is &amp;lt;204&amp;gt;
     but: was &amp;lt;404&amp;gt;">
      <![CDATA[java.lang.AssertionError: 
Expected: is <204>
     but: was <404>
at org.hamcrest.MatcherAssert.assertThat(MatcherAssert.java:18)
at org.hamcrest.MatcherAssert.assertThat(MatcherAssert.java:6)
at com.liseinfotech.gorestApiTest.GorestApiTest.deleteUser(GorestApiTest.java:827)
at com.liseinfotech.gorestApiTest.GorestApiTest.updateUserByUserId(GorestApiTest.java:125)
at java.util.ArrayList.forEach(ArrayList.java:1257)
... Removed 37 stack frames]]>
    </failure>
  </testcase> <!-- updateUserByUserId -->
  <testcase name="deleteUserByUserId" time="0.772" classname="com.liseinfotech.gorestApiTest.GorestApiTest">
    <failure type="java.lang.AssertionError" message="
Expected: is &amp;lt;204&amp;gt;
     but: was &amp;lt;404&amp;gt;">
      <![CDATA[java.lang.AssertionError: 
Expected: is <204>
     but: was <404>
at org.hamcrest.MatcherAssert.assertThat(MatcherAssert.java:18)
at org.hamcrest.MatcherAssert.assertThat(MatcherAssert.java:6)
at com.liseinfotech.gorestApiTest.GorestApiTest.deleteUser(GorestApiTest.java:827)
at com.liseinfotech.gorestApiTest.GorestApiTest.deleteUserByUserId(GorestApiTest.java:153)
at java.util.ArrayList.forEach(ArrayList.java:1257)
... Removed 37 stack frames]]>
    </failure>
  </testcase> <!-- deleteUserByUserId -->
  <testcase name="invalidRequestThroughUsers" time="0.772" classname="com.liseinfotech.gorestApiTest.GorestApiTest">
    <failure type="org.json.JSONException" message="A JSONArray text must start with &amp;apos;[&amp;apos; at 1 [character 2 line 1]">
      <![CDATA[org.json.JSONException: A JSONArray text must start with '[' at 1 [character 2 line 1]
at org.json.JSONTokener.syntaxError(JSONTokener.java:521)
at org.json.JSONArray.<init>(JSONArray.java:109)
at org.json.JSONArray.<init>(JSONArray.java:162)
at com.liseinfotech.gorestApiTest.GorestApiTest.invalidRequestThroughUsers(GorestApiTest.java:171)
at java.util.ArrayList.forEach(ArrayList.java:1257)
... Removed 37 stack frames]]>
    </failure>
  </testcase> <!-- invalidRequestThroughUsers -->
  <testcase name="postsNewUser" time="1.131" classname="com.liseinfotech.gorestApiTest.GorestApiTest">
    <failure type="java.lang.AssertionError" message="
Expected: is &amp;lt;204&amp;gt;
     but: was &amp;lt;404&amp;gt;">
      <![CDATA[java.lang.AssertionError: 
Expected: is <204>
     but: was <404>
at org.hamcrest.MatcherAssert.assertThat(MatcherAssert.java:18)
at org.hamcrest.MatcherAssert.assertThat(MatcherAssert.java:6)
at com.liseinfotech.gorestApiTest.GorestApiTest.deleteUserByIdPosts(GorestApiTest.java:889)
at com.liseinfotech.gorestApiTest.GorestApiTest.postsNewUser(GorestApiTest.java:209)
at java.util.ArrayList.forEach(ArrayList.java:1257)
... Removed 37 stack frames]]>
    </failure>
  </testcase> <!-- postsNewUser -->
  <testcase name="getPostsById" time="2.264" classname="com.liseinfotech.gorestApiTest.GorestApiTest">
    <failure type="java.lang.AssertionError" message="
Expected: is &amp;lt;204&amp;gt;
     but: was &amp;lt;404&amp;gt;">
      <![CDATA[java.lang.AssertionError: 
Expected: is <204>
     but: was <404>
at org.hamcrest.MatcherAssert.assertThat(MatcherAssert.java:18)
at org.hamcrest.MatcherAssert.assertThat(MatcherAssert.java:6)
at com.liseinfotech.gorestApiTest.GorestApiTest.deleteUserByIdPosts(GorestApiTest.java:889)
at com.liseinfotech.gorestApiTest.GorestApiTest.getPostsById(GorestApiTest.java:244)
at java.util.ArrayList.forEach(ArrayList.java:1257)
... Removed 37 stack frames]]>
    </failure>
  </testcase> <!-- getPostsById -->
  <testcase name="updatePostsById" time="2.258" classname="com.liseinfotech.gorestApiTest.GorestApiTest">
    <failure type="java.lang.AssertionError" message="
Expected: is &amp;lt;204&amp;gt;
     but: was &amp;lt;404&amp;gt;">
      <![CDATA[java.lang.AssertionError: 
Expected: is <204>
     but: was <404>
at org.hamcrest.MatcherAssert.assertThat(MatcherAssert.java:18)
at org.hamcrest.MatcherAssert.assertThat(MatcherAssert.java:6)
at com.liseinfotech.gorestApiTest.GorestApiTest.deleteUserByIdPosts(GorestApiTest.java:889)
at com.liseinfotech.gorestApiTest.GorestApiTest.updatePostsById(GorestApiTest.java:290)
at java.util.ArrayList.forEach(ArrayList.java:1257)
... Removed 37 stack frames]]>
    </failure>
  </testcase> <!-- updatePostsById -->
  <testcase name="deletePostsById" time="1.157" classname="com.liseinfotech.gorestApiTest.GorestApiTest">
    <failure type="java.lang.AssertionError" message="
Expected: is &amp;lt;204&amp;gt;
     but: was &amp;lt;404&amp;gt;">
      <![CDATA[java.lang.AssertionError: 
Expected: is <204>
     but: was <404>
at org.hamcrest.MatcherAssert.assertThat(MatcherAssert.java:18)
at org.hamcrest.MatcherAssert.assertThat(MatcherAssert.java:6)
at com.liseinfotech.gorestApiTest.GorestApiTest.deleteUserByIdPosts(GorestApiTest.java:889)
at com.liseinfotech.gorestApiTest.GorestApiTest.deletePostsById(GorestApiTest.java:319)
at java.util.ArrayList.forEach(ArrayList.java:1257)
... Removed 37 stack frames]]>
    </failure>
  </testcase> <!-- deletePostsById -->
  <testcase name="commentsOnNewUser" time="1.525" classname="com.liseinfotech.gorestApiTest.GorestApiTest">
    <failure type="java.lang.AssertionError" message="
Expected: is &amp;lt;204&amp;gt;
     but: was &amp;lt;404&amp;gt;">
      <![CDATA[java.lang.AssertionError: 
Expected: is <204>
     but: was <404>
at org.hamcrest.MatcherAssert.assertThat(MatcherAssert.java:18)
at org.hamcrest.MatcherAssert.assertThat(MatcherAssert.java:6)
at com.liseinfotech.gorestApiTest.GorestApiTest.deleteCommentsUser(GorestApiTest.java:951)
at com.liseinfotech.gorestApiTest.GorestApiTest.commentsOnNewUser(GorestApiTest.java:367)
at java.util.ArrayList.forEach(ArrayList.java:1257)
... Removed 37 stack frames]]>
    </failure>
  </testcase> <!-- commentsOnNewUser -->
  <testcase name="getCommentsByUserId" time="3.502" classname="com.liseinfotech.gorestApiTest.GorestApiTest">
    <failure type="java.lang.AssertionError" message="
Expected: is &amp;lt;204&amp;gt;
     but: was &amp;lt;404&amp;gt;">
      <![CDATA[java.lang.AssertionError: 
Expected: is <204>
     but: was <404>
at org.hamcrest.MatcherAssert.assertThat(MatcherAssert.java:18)
at org.hamcrest.MatcherAssert.assertThat(MatcherAssert.java:6)
at com.liseinfotech.gorestApiTest.GorestApiTest.deleteCommentsUser(GorestApiTest.java:951)
at com.liseinfotech.gorestApiTest.GorestApiTest.getCommentsByUserId(GorestApiTest.java:420)
at java.util.ArrayList.forEach(ArrayList.java:1257)
... Removed 37 stack frames]]>
    </failure>
  </testcase> <!-- getCommentsByUserId -->
  <testcase name="updateCommentsByUserId" time="3.921" classname="com.liseinfotech.gorestApiTest.GorestApiTest">
    <failure type="java.lang.AssertionError" message="
Expected: is &amp;lt;204&amp;gt;
     but: was &amp;lt;404&amp;gt;">
      <![CDATA[java.lang.AssertionError: 
Expected: is <204>
     but: was <404>
at org.hamcrest.MatcherAssert.assertThat(MatcherAssert.java:18)
at org.hamcrest.MatcherAssert.assertThat(MatcherAssert.java:6)
at com.liseinfotech.gorestApiTest.GorestApiTest.deleteCommentsUser(GorestApiTest.java:951)
at com.liseinfotech.gorestApiTest.GorestApiTest.updateCommentsByUserId(GorestApiTest.java:477)
at java.util.ArrayList.forEach(ArrayList.java:1257)
... Removed 37 stack frames]]>
    </failure>
  </testcase> <!-- updateCommentsByUserId -->
  <testcase name="deleteCommentsByUserId" time="4.086" classname="com.liseinfotech.gorestApiTest.GorestApiTest">
    <failure type="java.lang.AssertionError" message="
Expected: is &amp;lt;204&amp;gt;
     but: was &amp;lt;404&amp;gt;">
      <![CDATA[java.lang.AssertionError: 
Expected: is <204>
     but: was <404>
at org.hamcrest.MatcherAssert.assertThat(MatcherAssert.java:18)
at org.hamcrest.MatcherAssert.assertThat(MatcherAssert.java:6)
at com.liseinfotech.gorestApiTest.GorestApiTest.deleteCommentsUser(GorestApiTest.java:951)
at com.liseinfotech.gorestApiTest.GorestApiTest.deleteCommentsByUserId(GorestApiTest.java:518)
at java.util.ArrayList.forEach(ArrayList.java:1257)
... Removed 37 stack frames]]>
    </failure>
  </testcase> <!-- deleteCommentsByUserId -->
  <testcase name="todosNewUser" time="2.576" classname="com.liseinfotech.gorestApiTest.GorestApiTest">
    <failure type="java.lang.AssertionError" message="
Expected: is &amp;lt;204&amp;gt;
     but: was &amp;lt;404&amp;gt;">
      <![CDATA[java.lang.AssertionError: 
Expected: is <204>
     but: was <404>
at org.hamcrest.MatcherAssert.assertThat(MatcherAssert.java:18)
at org.hamcrest.MatcherAssert.assertThat(MatcherAssert.java:6)
at com.liseinfotech.gorestApiTest.GorestApiTest.deleteTodosUser(GorestApiTest.java:1013)
at com.liseinfotech.gorestApiTest.GorestApiTest.todosNewUser(GorestApiTest.java:579)
at java.util.ArrayList.forEach(ArrayList.java:1257)
... Removed 37 stack frames]]>
    </failure>
  </testcase> <!-- todosNewUser -->
  <testcase name="getTodosUserById" time="2.318" classname="com.liseinfotech.gorestApiTest.GorestApiTest">
    <failure type="java.lang.AssertionError" message="
Expected: is &amp;lt;204&amp;gt;
     but: was &amp;lt;404&amp;gt;">
      <![CDATA[java.lang.AssertionError: 
Expected: is <204>
     but: was <404>
at org.hamcrest.MatcherAssert.assertThat(MatcherAssert.java:18)
at org.hamcrest.MatcherAssert.assertThat(MatcherAssert.java:6)
at com.liseinfotech.gorestApiTest.GorestApiTest.deleteTodosUser(GorestApiTest.java:1013)
at com.liseinfotech.gorestApiTest.GorestApiTest.getTodosUserById(GorestApiTest.java:643)
at java.util.ArrayList.forEach(ArrayList.java:1257)
... Removed 37 stack frames]]>
    </failure>
  </testcase> <!-- getTodosUserById -->
  <testcase name="updateTodosUserById" time="2.304" classname="com.liseinfotech.gorestApiTest.GorestApiTest">
    <failure type="java.lang.AssertionError" message="
Expected: is &amp;lt;204&amp;gt;
     but: was &amp;lt;404&amp;gt;">
      <![CDATA[java.lang.AssertionError: 
Expected: is <204>
     but: was <404>
at org.hamcrest.MatcherAssert.assertThat(MatcherAssert.java:18)
at org.hamcrest.MatcherAssert.assertThat(MatcherAssert.java:6)
at com.liseinfotech.gorestApiTest.GorestApiTest.deleteTodosUser(GorestApiTest.java:1013)
at com.liseinfotech.gorestApiTest.GorestApiTest.updateTodosUserById(GorestApiTest.java:709)
at java.util.ArrayList.forEach(ArrayList.java:1257)
... Removed 37 stack frames]]>
    </failure>
  </testcase> <!-- updateTodosUserById -->
  <testcase name="deleteTodosUserById" time="2.288" classname="com.liseinfotech.gorestApiTest.GorestApiTest">
    <failure type="java.lang.AssertionError" message="
Expected: is &amp;lt;204&amp;gt;
     but: was &amp;lt;404&amp;gt;">
      <![CDATA[java.lang.AssertionError: 
Expected: is <204>
     but: was <404>
at org.hamcrest.MatcherAssert.assertThat(MatcherAssert.java:18)
at org.hamcrest.MatcherAssert.assertThat(MatcherAssert.java:6)
at com.liseinfotech.gorestApiTest.GorestApiTest.deleteTodosUser(GorestApiTest.java:1013)
at com.liseinfotech.gorestApiTest.GorestApiTest.deleteTodosUserById(GorestApiTest.java:763)
at java.util.ArrayList.forEach(ArrayList.java:1257)
... Removed 37 stack frames]]>
    </failure>
  </testcase> <!-- deleteTodosUserById -->
  <testcase name="@BeforeSuite beforeSuite" time="0.0" classname="com.liseinfotech.gorestApiTest.steps.BaseTest">
    <ignored/>
  </testcase> <!-- @BeforeSuite beforeSuite -->
</testsuite> <!-- Command line test -->
