<?xml version="1.0" encoding="UTF-8"?>
<!-- Generated by org.testng.reporters.JUnitXMLReporter -->
<testsuite hostname="Aaas-MacBook-Pro.local" ignored="1" name="Command line test" tests="2" failures="0" timestamp="2022-04-16T00:13:03 IST" time="6.28" errors="0">
  <testcase name="getUserDetails" time="3.558" classname="com.liseinfotech.gorestApiTest.GorestApiTest"/>
  <testcase name="postCreateNewUser" time="2.676" classname="com.liseinfotech.gorestApiTest.GorestApiTest"/>
  <testcase name="@BeforeSuite beforeSuite" time="0.0" classname="com.liseinfotech.gorestApiTest.BaseTest">
    <ignored/>
  </testcase> <!-- @BeforeSuite beforeSuite -->
</testsuite> <!-- Command line test -->
