<?xml version="1.0" encoding="UTF-8" ?>
<testsuite tests="17" failures="17" name="TestSuite" time="46.601" errors="0" skipped="0">
  <properties>
[...]
</properties>
  <testcase classname="com.liseinfotech.gorestApiTest.GorestApiTest" name="createUserThroughPost" time="3.404">
    <failure message="
Expected: is &lt;204&gt;
     but: was &lt;404&gt;" type="java.lang.AssertionError">java.lang.AssertionError: 
Expected: is &lt;204&gt;
     but: was &lt;404&gt;
	at org.hamcrest.MatcherAssert.assertThat(MatcherAssert.java:18)
	at org.hamcrest.MatcherAssert.assertThat(MatcherAssert.java:6)
	at com.liseinfotech.gorestApiTest.GorestApiTest.deleteUser(GorestApiTest.java:827)
	at com.liseinfotech.gorestApiTest.GorestApiTest.createUserThroughPost(GorestApiTest.java:47)
</failure>
    <system-out>Configuring TestNG with: org.apache.maven.surefire.testng.conf.TestNG652Configurator@1bc6a36e
</system-out>
    <system-err>SLF4J: Failed to load class &quot;org.slf4j.impl.StaticLoggerBinder&quot;.
SLF4J: Defaulting to no-operation (NOP) logger implementation
SLF4J: See http://www.slf4j.org/codes.html#StaticLoggerBinder for further details.
</system-err>
  </testcase>
  <testcase classname="com.liseinfotech.gorestApiTest.GorestApiTest" name="getUserByUserId" time="10.798">
    <failure message="
Expected: is &lt;204&gt;
     but: was &lt;404&gt;" type="java.lang.AssertionError">java.lang.AssertionError: 
Expected: is &lt;204&gt;
     but: was &lt;404&gt;
	at org.hamcrest.MatcherAssert.assertThat(MatcherAssert.java:18)
	at org.hamcrest.MatcherAssert.assertThat(MatcherAssert.java:6)
	at com.liseinfotech.gorestApiTest.GorestApiTest.deleteUser(GorestApiTest.java:827)
	at com.liseinfotech.gorestApiTest.GorestApiTest.getUserByUserId(GorestApiTest.java:83)
</failure>
  </testcase>
  <testcase classname="com.liseinfotech.gorestApiTest.GorestApiTest" name="updateUserByUserId" time="1.515">
    <failure message="
Expected: is &lt;204&gt;
     but: was &lt;404&gt;" type="java.lang.AssertionError">java.lang.AssertionError: 
Expected: is &lt;204&gt;
     but: was &lt;404&gt;
	at org.hamcrest.MatcherAssert.assertThat(MatcherAssert.java:18)
	at org.hamcrest.MatcherAssert.assertThat(MatcherAssert.java:6)
	at com.liseinfotech.gorestApiTest.GorestApiTest.deleteUser(GorestApiTest.java:827)
	at com.liseinfotech.gorestApiTest.GorestApiTest.updateUserByUserId(GorestApiTest.java:125)
</failure>
  </testcase>
  <testcase classname="com.liseinfotech.gorestApiTest.GorestApiTest" name="deleteUserByUserId" time="0.773">
    <failure message="
Expected: is &lt;204&gt;
     but: was &lt;404&gt;" type="java.lang.AssertionError">java.lang.AssertionError: 
Expected: is &lt;204&gt;
     but: was &lt;404&gt;
	at org.hamcrest.MatcherAssert.assertThat(MatcherAssert.java:18)
	at org.hamcrest.MatcherAssert.assertThat(MatcherAssert.java:6)
	at com.liseinfotech.gorestApiTest.GorestApiTest.deleteUser(GorestApiTest.java:827)
	at com.liseinfotech.gorestApiTest.GorestApiTest.deleteUserByUserId(GorestApiTest.java:153)
</failure>
  </testcase>
  <testcase classname="com.liseinfotech.gorestApiTest.GorestApiTest" name="invalidRequestThroughUsers" time="0.773">
    <failure message="A JSONArray text must start with &apos;[&apos; at 1 [character 2 line 1]" type="org.json.JSONException">org.json.JSONException: A JSONArray text must start with &apos;[&apos; at 1 [character 2 line 1]
	at org.json.JSONTokener.syntaxError(JSONTokener.java:521)
	at org.json.JSONArray.&lt;init&gt;(JSONArray.java:109)
	at org.json.JSONArray.&lt;init&gt;(JSONArray.java:162)
	at com.liseinfotech.gorestApiTest.GorestApiTest.invalidRequestThroughUsers(GorestApiTest.java:171)
</failure>
  </testcase>
  <testcase classname="com.liseinfotech.gorestApiTest.GorestApiTest" name="postsNewUser" time="1.132">
    <failure message="
Expected: is &lt;204&gt;
     but: was &lt;404&gt;" type="java.lang.AssertionError">java.lang.AssertionError: 
Expected: is &lt;204&gt;
     but: was &lt;404&gt;
	at org.hamcrest.MatcherAssert.assertThat(MatcherAssert.java:18)
	at org.hamcrest.MatcherAssert.assertThat(MatcherAssert.java:6)
	at com.liseinfotech.gorestApiTest.GorestApiTest.deleteUserByIdPosts(GorestApiTest.java:889)
	at com.liseinfotech.gorestApiTest.GorestApiTest.postsNewUser(GorestApiTest.java:209)
</failure>
    <system-out>res : {&quot;message&quot;:&quot;Authentication failed&quot;}
</system-out>
  </testcase>
  <testcase classname="com.liseinfotech.gorestApiTest.GorestApiTest" name="getPostsById" time="2.265">
    <failure message="
Expected: is &lt;204&gt;
     but: was &lt;404&gt;" type="java.lang.AssertionError">java.lang.AssertionError: 
Expected: is &lt;204&gt;
     but: was &lt;404&gt;
	at org.hamcrest.MatcherAssert.assertThat(MatcherAssert.java:18)
	at org.hamcrest.MatcherAssert.assertThat(MatcherAssert.java:6)
	at com.liseinfotech.gorestApiTest.GorestApiTest.deleteUserByIdPosts(GorestApiTest.java:889)
	at com.liseinfotech.gorestApiTest.GorestApiTest.getPostsById(GorestApiTest.java:244)
</failure>
  </testcase>
  <testcase classname="com.liseinfotech.gorestApiTest.GorestApiTest" name="updatePostsById" time="2.258">
    <failure message="
Expected: is &lt;204&gt;
     but: was &lt;404&gt;" type="java.lang.AssertionError">java.lang.AssertionError: 
Expected: is &lt;204&gt;
     but: was &lt;404&gt;
	at org.hamcrest.MatcherAssert.assertThat(MatcherAssert.java:18)
	at org.hamcrest.MatcherAssert.assertThat(MatcherAssert.java:6)
	at com.liseinfotech.gorestApiTest.GorestApiTest.deleteUserByIdPosts(GorestApiTest.java:889)
	at com.liseinfotech.gorestApiTest.GorestApiTest.updatePostsById(GorestApiTest.java:290)
</failure>
  </testcase>
  <testcase classname="com.liseinfotech.gorestApiTest.GorestApiTest" name="deletePostsById" time="1.158">
    <failure message="
Expected: is &lt;204&gt;
     but: was &lt;404&gt;" type="java.lang.AssertionError">java.lang.AssertionError: 
Expected: is &lt;204&gt;
     but: was &lt;404&gt;
	at org.hamcrest.MatcherAssert.assertThat(MatcherAssert.java:18)
	at org.hamcrest.MatcherAssert.assertThat(MatcherAssert.java:6)
	at com.liseinfotech.gorestApiTest.GorestApiTest.deleteUserByIdPosts(GorestApiTest.java:889)
	at com.liseinfotech.gorestApiTest.GorestApiTest.deletePostsById(GorestApiTest.java:319)
</failure>
  </testcase>
  <testcase classname="com.liseinfotech.gorestApiTest.GorestApiTest" name="commentsOnNewUser" time="1.525">
    <failure message="
Expected: is &lt;204&gt;
     but: was &lt;404&gt;" type="java.lang.AssertionError">java.lang.AssertionError: 
Expected: is &lt;204&gt;
     but: was &lt;404&gt;
	at org.hamcrest.MatcherAssert.assertThat(MatcherAssert.java:18)
	at org.hamcrest.MatcherAssert.assertThat(MatcherAssert.java:6)
	at com.liseinfotech.gorestApiTest.GorestApiTest.deleteCommentsUser(GorestApiTest.java:951)
	at com.liseinfotech.gorestApiTest.GorestApiTest.commentsOnNewUser(GorestApiTest.java:367)
</failure>
    <system-out>users-res : {&quot;message&quot;:&quot;Authentication failed&quot;}
post-res : {&quot;message&quot;:&quot;Authentication failed&quot;}
comm-res : {&quot;message&quot;:&quot;Authentication failed&quot;}
</system-out>
  </testcase>
  <testcase classname="com.liseinfotech.gorestApiTest.GorestApiTest" name="getCommentsByUserId" time="3.502">
    <failure message="
Expected: is &lt;204&gt;
     but: was &lt;404&gt;" type="java.lang.AssertionError">java.lang.AssertionError: 
Expected: is &lt;204&gt;
     but: was &lt;404&gt;
	at org.hamcrest.MatcherAssert.assertThat(MatcherAssert.java:18)
	at org.hamcrest.MatcherAssert.assertThat(MatcherAssert.java:6)
	at com.liseinfotech.gorestApiTest.GorestApiTest.deleteCommentsUser(GorestApiTest.java:951)
	at com.liseinfotech.gorestApiTest.GorestApiTest.getCommentsByUserId(GorestApiTest.java:420)
</failure>
    <system-out>users-res : {&quot;message&quot;:&quot;Authentication failed&quot;}
post-res : {&quot;message&quot;:&quot;Authentication failed&quot;}
</system-out>
  </testcase>
  <testcase classname="com.liseinfotech.gorestApiTest.GorestApiTest" name="updateCommentsByUserId" time="3.922">
    <failure message="
Expected: is &lt;204&gt;
     but: was &lt;404&gt;" type="java.lang.AssertionError">java.lang.AssertionError: 
Expected: is &lt;204&gt;
     but: was &lt;404&gt;
	at org.hamcrest.MatcherAssert.assertThat(MatcherAssert.java:18)
	at org.hamcrest.MatcherAssert.assertThat(MatcherAssert.java:6)
	at com.liseinfotech.gorestApiTest.GorestApiTest.deleteCommentsUser(GorestApiTest.java:951)
	at com.liseinfotech.gorestApiTest.GorestApiTest.updateCommentsByUserId(GorestApiTest.java:477)
</failure>
    <system-out>users-res : {&quot;message&quot;:&quot;Authentication failed&quot;}
post-res : {&quot;message&quot;:&quot;Authentication failed&quot;}
</system-out>
  </testcase>
  <testcase classname="com.liseinfotech.gorestApiTest.GorestApiTest" name="deleteCommentsByUserId" time="4.087">
    <failure message="
Expected: is &lt;204&gt;
     but: was &lt;404&gt;" type="java.lang.AssertionError">java.lang.AssertionError: 
Expected: is &lt;204&gt;
     but: was &lt;404&gt;
	at org.hamcrest.MatcherAssert.assertThat(MatcherAssert.java:18)
	at org.hamcrest.MatcherAssert.assertThat(MatcherAssert.java:6)
	at com.liseinfotech.gorestApiTest.GorestApiTest.deleteCommentsUser(GorestApiTest.java:951)
	at com.liseinfotech.gorestApiTest.GorestApiTest.deleteCommentsByUserId(GorestApiTest.java:518)
</failure>
    <system-out>users-res : {&quot;message&quot;:&quot;Authentication failed&quot;}
post-res : {&quot;message&quot;:&quot;Authentication failed&quot;}
</system-out>
  </testcase>
  <testcase classname="com.liseinfotech.gorestApiTest.GorestApiTest" name="todosNewUser" time="2.576">
    <failure message="
Expected: is &lt;204&gt;
     but: was &lt;404&gt;" type="java.lang.AssertionError">java.lang.AssertionError: 
Expected: is &lt;204&gt;
     but: was &lt;404&gt;
	at org.hamcrest.MatcherAssert.assertThat(MatcherAssert.java:18)
	at org.hamcrest.MatcherAssert.assertThat(MatcherAssert.java:6)
	at com.liseinfotech.gorestApiTest.GorestApiTest.deleteTodosUser(GorestApiTest.java:1013)
	at com.liseinfotech.gorestApiTest.GorestApiTest.todosNewUser(GorestApiTest.java:579)
</failure>
    <system-out>users-res : {&quot;message&quot;:&quot;Authentication failed&quot;}
post-res : {&quot;message&quot;:&quot;Authentication failed&quot;}
comm-res : {&quot;message&quot;:&quot;Authentication failed&quot;}
todos-res : {&quot;message&quot;:&quot;Authentication failed&quot;}
</system-out>
  </testcase>
  <testcase classname="com.liseinfotech.gorestApiTest.GorestApiTest" name="getTodosUserById" time="2.319">
    <failure message="
Expected: is &lt;204&gt;
     but: was &lt;404&gt;" type="java.lang.AssertionError">java.lang.AssertionError: 
Expected: is &lt;204&gt;
     but: was &lt;404&gt;
	at org.hamcrest.MatcherAssert.assertThat(MatcherAssert.java:18)
	at org.hamcrest.MatcherAssert.assertThat(MatcherAssert.java:6)
	at com.liseinfotech.gorestApiTest.GorestApiTest.deleteTodosUser(GorestApiTest.java:1013)
	at com.liseinfotech.gorestApiTest.GorestApiTest.getTodosUserById(GorestApiTest.java:643)
</failure>
    <system-out>users-res : {&quot;message&quot;:&quot;Authentication failed&quot;}
post-res : {&quot;message&quot;:&quot;Authentication failed&quot;}
comm-res : {&quot;message&quot;:&quot;Authentication failed&quot;}
</system-out>
  </testcase>
  <testcase classname="com.liseinfotech.gorestApiTest.GorestApiTest" name="updateTodosUserById" time="2.305">
    <failure message="
Expected: is &lt;204&gt;
     but: was &lt;404&gt;" type="java.lang.AssertionError">java.lang.AssertionError: 
Expected: is &lt;204&gt;
     but: was &lt;404&gt;
	at org.hamcrest.MatcherAssert.assertThat(MatcherAssert.java:18)
	at org.hamcrest.MatcherAssert.assertThat(MatcherAssert.java:6)
	at com.liseinfotech.gorestApiTest.GorestApiTest.deleteTodosUser(GorestApiTest.java:1013)
	at com.liseinfotech.gorestApiTest.GorestApiTest.updateTodosUserById(GorestApiTest.java:709)
</failure>
    <system-out>users-res : {&quot;message&quot;:&quot;Authentication failed&quot;}
post-res : {&quot;message&quot;:&quot;Authentication failed&quot;}
comm-res : {&quot;message&quot;:&quot;Authentication failed&quot;}
</system-out>
  </testcase>
  <testcase classname="com.liseinfotech.gorestApiTest.GorestApiTest" name="deleteTodosUserById" time="2.289">
    <failure message="
Expected: is &lt;204&gt;
     but: was &lt;404&gt;" type="java.lang.AssertionError">java.lang.AssertionError: 
Expected: is &lt;204&gt;
     but: was &lt;404&gt;
	at org.hamcrest.MatcherAssert.assertThat(MatcherAssert.java:18)
	at org.hamcrest.MatcherAssert.assertThat(MatcherAssert.java:6)
	at com.liseinfotech.gorestApiTest.GorestApiTest.deleteTodosUser(GorestApiTest.java:1013)
	at com.liseinfotech.gorestApiTest.GorestApiTest.deleteTodosUserById(GorestApiTest.java:763)
</failure>
    <system-out>users-res : {&quot;message&quot;:&quot;Authentication failed&quot;}
post-res : {&quot;message&quot;:&quot;Authentication failed&quot;}
comm-res : {&quot;message&quot;:&quot;Authentication failed&quot;}
</system-out>
  </testcase>
</testsuite>