<?xml version="1.0" encoding="UTF-8"?>
<testng-results skipped="0" failed="0" ignored="0" total="17" passed="17">
  <reporter-output>
  </reporter-output>
  <suite name="Default Suite" duration-ms="21072" started-at="2022-04-20T02:14:54 IST" finished-at="2022-04-20T02:15:15 IST">
    <groups>
    </groups>
    <test name="GorestInterRelatedApiTest" duration-ms="21072" started-at="2022-04-20T02:14:54 IST" finished-at="2022-04-20T02:15:15 IST">
      <class name="com.liseinfotech.gorestApiTest.GorestApiTest">
        <test-method status="PASS" signature="beforeSuite()[pri:0, instance:com.liseinfotech.gorestApiTest.GorestApiTest@2038ae61]" name="beforeSuite" is-config="true" duration-ms="890" started-at="2022-04-20T02:14:53 IST" finished-at="2022-04-20T02:14:54 IST">
          <reporter-output>
          </reporter-output>
        </test-method> <!-- beforeSuite -->
        <test-method status="PASS" signature="postCreateNewUser()[pri:1, instance:com.liseinfotech.gorestApiTest.GorestApiTest@2038ae61]" name="postCreateNewUser" duration-ms="4475" started-at="2022-04-20T02:14:54 IST" finished-at="2022-04-20T02:14:59 IST">
          <reporter-output>
          </reporter-output>
        </test-method> <!-- postCreateNewUser -->
        <test-method status="PASS" signature="getUserDetails()[pri:2, instance:com.liseinfotech.gorestApiTest.GorestApiTest@2038ae61]" name="getUserDetails" duration-ms="1263" started-at="2022-04-20T02:14:59 IST" finished-at="2022-04-20T02:15:00 IST">
          <reporter-output>
          </reporter-output>
        </test-method> <!-- getUserDetails -->
        <test-method status="PASS" signature="updateUserDetails()[pri:3, instance:com.liseinfotech.gorestApiTest.GorestApiTest@2038ae61]" name="updateUserDetails" duration-ms="1608" started-at="2022-04-20T02:15:00 IST" finished-at="2022-04-20T02:15:01 IST">
          <reporter-output>
          </reporter-output>
        </test-method> <!-- updateUserDetails -->
        <test-method status="PASS" signature="deleteUser()[pri:4, instance:com.liseinfotech.gorestApiTest.GorestApiTest@2038ae61]" name="deleteUser" duration-ms="899" started-at="2022-04-20T02:15:01 IST" finished-at="2022-04-20T02:15:02 IST">
          <reporter-output>
          </reporter-output>
        </test-method> <!-- deleteUser -->
        <test-method status="PASS" signature="invalidPostRequest()[pri:5, instance:com.liseinfotech.gorestApiTest.GorestApiTest@2038ae61]" name="invalidPostRequest" duration-ms="806" started-at="2022-04-20T02:15:02 IST" finished-at="2022-04-20T02:15:03 IST">
          <reporter-output>
          </reporter-output>
        </test-method> <!-- invalidPostRequest -->
        <test-method status="PASS" signature="CreateNewUserUsingPosts()[pri:6, instance:com.liseinfotech.gorestApiTest.GorestApiTest@2038ae61]" name="CreateNewUserUsingPosts" duration-ms="802" started-at="2022-04-20T02:15:03 IST" finished-at="2022-04-20T02:15:04 IST">
          <reporter-output>
          </reporter-output>
        </test-method> <!-- CreateNewUserUsingPosts -->
        <test-method status="PASS" signature="getUserUsingPosts()[pri:7, instance:com.liseinfotech.gorestApiTest.GorestApiTest@2038ae61]" name="getUserUsingPosts" duration-ms="1214" started-at="2022-04-20T02:15:04 IST" finished-at="2022-04-20T02:15:05 IST">
          <reporter-output>
          </reporter-output>
        </test-method> <!-- getUserUsingPosts -->
        <test-method status="PASS" signature="updateUserUsingPosts()[pri:8, instance:com.liseinfotech.gorestApiTest.GorestApiTest@2038ae61]" name="updateUserUsingPosts" duration-ms="1247" started-at="2022-04-20T02:15:05 IST" finished-at="2022-04-20T02:15:06 IST">
          <reporter-output>
          </reporter-output>
        </test-method> <!-- updateUserUsingPosts -->
        <test-method status="PASS" signature="deleteUserPosts()[pri:9, instance:com.liseinfotech.gorestApiTest.GorestApiTest@2038ae61]" name="deleteUserPosts" duration-ms="796" started-at="2022-04-20T02:15:06 IST" finished-at="2022-04-20T02:15:07 IST">
          <reporter-output>
          </reporter-output>
        </test-method> <!-- deleteUserPosts -->
        <test-method status="PASS" signature="CreateNewUserUsingComments()[pri:10, instance:com.liseinfotech.gorestApiTest.GorestApiTest@2038ae61]" name="CreateNewUserUsingComments" duration-ms="792" started-at="2022-04-20T02:15:07 IST" finished-at="2022-04-20T02:15:08 IST">
          <reporter-output>
          </reporter-output>
        </test-method> <!-- CreateNewUserUsingComments -->
        <test-method status="PASS" signature="getUserUsingComments()[pri:11, instance:com.liseinfotech.gorestApiTest.GorestApiTest@2038ae61]" name="getUserUsingComments" duration-ms="1221" started-at="2022-04-20T02:15:08 IST" finished-at="2022-04-20T02:15:09 IST">
          <reporter-output>
          </reporter-output>
        </test-method> <!-- getUserUsingComments -->
        <test-method status="PASS" signature="updateCommentsUser()[pri:12, instance:com.liseinfotech.gorestApiTest.GorestApiTest@2038ae61]" name="updateCommentsUser" duration-ms="1194" started-at="2022-04-20T02:15:09 IST" finished-at="2022-04-20T02:15:10 IST">
          <reporter-output>
          </reporter-output>
        </test-method> <!-- updateCommentsUser -->
        <test-method status="PASS" signature="deleteCommentsUser()[pri:13, instance:com.liseinfotech.gorestApiTest.GorestApiTest@2038ae61]" name="deleteCommentsUser" duration-ms="829" started-at="2022-04-20T02:15:10 IST" finished-at="2022-04-20T02:15:11 IST">
          <reporter-output>
          </reporter-output>
        </test-method> <!-- deleteCommentsUser -->
        <test-method status="PASS" signature="todosNewUserCreate()[pri:14, instance:com.liseinfotech.gorestApiTest.GorestApiTest@2038ae61]" name="todosNewUserCreate" duration-ms="785" started-at="2022-04-20T02:15:11 IST" finished-at="2022-04-20T02:15:12 IST">
          <reporter-output>
          </reporter-output>
        </test-method> <!-- todosNewUserCreate -->
        <test-method status="PASS" signature="todosGetUserById()[pri:15, instance:com.liseinfotech.gorestApiTest.GorestApiTest@2038ae61]" name="todosGetUserById" duration-ms="1105" started-at="2022-04-20T02:15:12 IST" finished-at="2022-04-20T02:15:13 IST">
          <reporter-output>
          </reporter-output>
        </test-method> <!-- todosGetUserById -->
        <test-method status="PASS" signature="updateTodosUser()[pri:16, instance:com.liseinfotech.gorestApiTest.GorestApiTest@2038ae61]" name="updateTodosUser" duration-ms="1215" started-at="2022-04-20T02:15:13 IST" finished-at="2022-04-20T02:15:14 IST">
          <reporter-output>
          </reporter-output>
        </test-method> <!-- updateTodosUser -->
        <test-method status="PASS" signature="todosDeleteUserById()[pri:17, instance:com.liseinfotech.gorestApiTest.GorestApiTest@2038ae61]" name="todosDeleteUserById" duration-ms="758" started-at="2022-04-20T02:15:14 IST" finished-at="2022-04-20T02:15:15 IST">
          <reporter-output>
          </reporter-output>
        </test-method> <!-- todosDeleteUserById -->
      </class> <!-- com.liseinfotech.gorestApiTest.GorestApiTest -->
    </test> <!-- GorestInterRelatedApiTest -->
  </suite> <!-- Default Suite -->
</testng-results>
