<?xml version="1.0" encoding="UTF-8"?>
<testng-results skipped="0" failed="0" ignored="0" total="2" passed="2">
  <reporter-output>
  </reporter-output>
  <suite name="Default Suite" duration-ms="4242" started-at="2022-04-16T00:11:47 IST" finished-at="2022-04-16T00:11:51 IST">
    <groups>
    </groups>
    <test name="GorestInterRelatedApiTest" duration-ms="4242" started-at="2022-04-16T00:11:47 IST" finished-at="2022-04-16T00:11:51 IST">
      <class name="com.liseinfotech.gorestApiTest.GorestApiTest">
        <test-method status="PASS" signature="beforeSuite()[pri:0, instance:com.liseinfotech.gorestApiTest.GorestApiTest@64bf3bbf]" name="beforeSuite" is-config="true" duration-ms="829" started-at="2022-04-16T00:11:46 IST" finished-at="2022-04-16T00:11:47 IST">
          <reporter-output>
          </reporter-output>
        </test-method> <!-- beforeSuite -->
        <test-method status="PASS" signature="getUserDetails()[pri:0, instance:com.liseinfotech.gorestApiTest.GorestApiTest@64bf3bbf]" name="getUserDetails" duration-ms="2443" started-at="2022-04-16T00:11:47 IST" finished-at="2022-04-16T00:11:49 IST">
          <reporter-output>
          </reporter-output>
        </test-method> <!-- getUserDetails -->
        <test-method status="PASS" signature="postCreateNewUser()[pri:1, instance:com.liseinfotech.gorestApiTest.GorestApiTest@64bf3bbf]" name="postCreateNewUser" duration-ms="1738" started-at="2022-04-16T00:11:49 IST" finished-at="2022-04-16T00:11:51 IST">
          <reporter-output>
          </reporter-output>
        </test-method> <!-- postCreateNewUser -->
      </class> <!-- com.liseinfotech.gorestApiTest.GorestApiTest -->
    </test> <!-- GorestInterRelatedApiTest -->
  </suite> <!-- Default Suite -->
</testng-results>
